<?xml version="1.0" encoding="UTF-8"?>
<!-- Generated by org.testng.reporters.JUnitXMLReporter -->
<testsuite ignored="1" hostname="DESKTOP-8IARFOR" failures="0" tests="1" name="Default test" time="26.442" errors="0" timestamp="2023-05-30T19:32:14 CEST">
  <testcase classname="com.tutorialsninja.qa.testcases.SearchTest" name="VerifySearchWithValidProduct" time="0.725"/>
  <testcase classname="com.tutorialsninja.qa.testcases.SearchTest" name="VerifyWithInvalidProduct" time="0.0">
    <ignored/>
  </testcase> <!-- VerifyWithInvalidProduct -->
</testsuite> <!-- Default test -->
