<?xml version="1.0" encoding="UTF-8"?>
<!-- Generated by org.testng.reporters.JUnitXMLReporter -->
<testsuite ignored="0" hostname="DESKTOP-8IARFOR" failures="0" tests="7" name="Test" time="147.805" errors="0" timestamp="2023-05-27T10:16:23 CEST">
  <testcase classname="com.tutorialsninja.qa.testcases.Search" name="VerifySearchWithValidProduct" time="1.263"/>
  <testcase classname="com.tutorialsninja.qa.testcases.Search" name="VerifyWithInvalidProduct" time="0.576"/>
  <testcase classname="com.tutorialsninja.qa.testcases.Register" name="RegisterWithValidCredentials" time="1.113"/>
  <testcase classname="com.tutorialsninja.qa.testcases.Register" name="RegisterWithValidExistingCredentials" time="0.753"/>
  <testcase classname="com.tutorialsninja.qa.testcases.Login" name="VerifyLoginWithValidCredentials" time="5.9"/>
  <testcase classname="com.tutorialsninja.qa.testcases.Login" name="VerifyLoginWithValidCredentials" time="3.31"/>
  <testcase classname="com.tutorialsninja.qa.testcases.Login" name="VerifyLoginWithInValidCredentials" time="0.736"/>
</testsuite> <!-- Test -->
