<?xml version="1.0" encoding="UTF-8"?>
<testng-results ignored="1" total="2" passed="1" failed="0" skipped="0">
  <reporter-output>
  </reporter-output>
  <suite started-at="2023-05-30T19:31:48 CEST" name="Default suite" finished-at="2023-05-30T19:32:14 CEST" duration-ms="26442">
    <groups>
    </groups>
    <test started-at="2023-05-30T19:31:48 CEST" name="Default test" finished-at="2023-05-30T19:32:14 CEST" duration-ms="26442">
      <class name="com.tutorialsninja.qa.testcases.SearchTest">
        <test-method is-config="true" signature="setup()[pri:0, instance:com.tutorialsninja.qa.testcases.SearchTest@a530d0a]" started-at="2023-05-30T19:31:48 CEST" name="setup" finished-at="2023-05-30T19:32:13 CEST" duration-ms="25374" status="PASS">
          <reporter-output>
          </reporter-output>
        </test-method> <!-- setup -->
        <test-method signature="VerifySearchWithValidProduct()[pri:1, instance:com.tutorialsninja.qa.testcases.SearchTest@a530d0a]" started-at="2023-05-30T19:32:13 CEST" name="VerifySearchWithValidProduct" finished-at="2023-05-30T19:32:14 CEST" duration-ms="725" status="PASS">
          <reporter-output>
          </reporter-output>
        </test-method> <!-- VerifySearchWithValidProduct -->
        <test-method is-config="true" signature="TearDown()[pri:0, instance:com.tutorialsninja.qa.testcases.SearchTest@a530d0a]" started-at="2023-05-30T19:32:14 CEST" name="TearDown" finished-at="2023-05-30T19:32:14 CEST" duration-ms="310" status="PASS">
          <reporter-output>
          </reporter-output>
        </test-method> <!-- TearDown -->
      </class> <!-- com.tutorialsninja.qa.testcases.SearchTest -->
    </test> <!-- Default test -->
  </suite> <!-- Default suite -->
</testng-results>
